<?xml version="1.0" encoding="UTF-8"?>
<!-- Generated by org.testng.reporters.JUnitReportReporter -->
<testsuite skipped="0" hostname="ADMIN" name="parallelexecution.TC008_LoginTest" tests="5" failures="0" timestamp="25 Nov 2020 16:35:56 GMT" time="74.330" errors="0">
  <testcase name="signUpLinkTest" time="19.049" classname="parallelexecution.TC008_LoginTest"/>
  <testcase name="pageTitleTest" time="13.674" classname="parallelexecution.TC008_LoginTest"/>
  <testcase name="loginTest" time="16.295" classname="parallelexecution.TC008_LoginTest"/>
  <testcase name="forgotUsernameAndPasswordTest" time="10.457" classname="parallelexecution.TC008_LoginTest"/>
  <testcase name="loginWithSSOTest" time="14.855" classname="parallelexecution.TC008_LoginTest"/>
</testsuite> <!-- parallelexecution.TC008_LoginTest -->
