<?xml version="1.0" encoding="UTF-8"?>
<!-- Generated by org.testng.reporters.JUnitReportReporter -->
<testsuite skipped="0" hostname="ADMIN" name="smokeSuite.TC004_Annotation" tests="2" failures="0" timestamp="25 Nov 2020 15:30:33 GMT" time="0.002" errors="0">
  <testcase name="bookTickets" time="0.000" classname="smokeSuite.TC004_Annotation"/>
  <testcase name="cancelTicket" time="0.002" classname="smokeSuite.TC004_Annotation"/>
</testsuite> <!-- smokeSuite.TC004_Annotation -->
