<?xml version="1.0" encoding="UTF-8"?>
<!-- Generated by org.testng.reporters.JUnitReportReporter -->
<testsuite skipped="0" hostname="ADMIN" name="regressionSuite.TC0011_DataProviderConcept" tests="2" failures="0" timestamp="25 Nov 2020 15:30:33 GMT" time="0.001" errors="0">
  <testcase name="cumtomerDetailsTest" time="0.001" classname="regressionSuite.TC0011_DataProviderConcept"/>
  <testcase name="cumtomerDetailsTest" time="0.000" classname="regressionSuite.TC0011_DataProviderConcept"/>
</testsuite> <!-- regressionSuite.TC0011_DataProviderConcept -->
