<?xml version="1.0" encoding="UTF-8"?>
<!-- Generated by org.testng.reporters.JUnitReportReporter -->
<testsuite skipped="0" hostname="ADMIN" name="testNgConcept.TC008_LoginTest" tests="5" failures="0" timestamp="23 Nov 2020 16:04:50 GMT" time="56.137" errors="0">
  <testcase name="signUpLinkTest" time="10.498" classname="testNgConcept.TC008_LoginTest"/>
  <testcase name="pageTitleTest" time="10.299" classname="testNgConcept.TC008_LoginTest"/>
  <testcase name="loginTest" time="14.706" classname="testNgConcept.TC008_LoginTest"/>
  <testcase name="forgotUsernameAndPasswordTest" time="10.108" classname="testNgConcept.TC008_LoginTest"/>
  <testcase name="loginWithSSOTest" time="10.526" classname="testNgConcept.TC008_LoginTest"/>
</testsuite> <!-- testNgConcept.TC008_LoginTest -->
