<?xml version="1.0" encoding="UTF-8"?>
<!-- Generated by org.testng.reporters.JUnitReportReporter -->
<testsuite skipped="0" hostname="ADMIN" name="testNgConcept.DataProviderFromOtherClass" tests="2" failures="0" timestamp="24 Nov 2020 17:14:20 GMT" time="0.009" errors="0">
  <testcase name="cumtomerDataTest" time="0.007" classname="testNgConcept.DataProviderFromOtherClass"/>
  <testcase name="cumtomerDataTest" time="0.002" classname="testNgConcept.DataProviderFromOtherClass"/>
</testsuite> <!-- testNgConcept.DataProviderFromOtherClass -->
