<?xml version="1.0" encoding="UTF-8"?>
<!-- Generated by org.testng.reporters.JUnitReportReporter -->
<testsuite skipped="0" hostname="ADMIN" name="testNgConcept.TC001_DisplayMessage" tests="2" failures="0" timestamp="25 Nov 2020 13:48:39 GMT" time="0.000" errors="0">
  <testcase name="displayMessage" time="0.000" classname="testNgConcept.TC001_DisplayMessage"/>
  <testcase name="displayName" time="0.000" classname="testNgConcept.TC001_DisplayMessage"/>
</testsuite> <!-- testNgConcept.TC001_DisplayMessage -->
