<?xml version="1.0" encoding="UTF-8"?>
<!-- Generated by org.testng.reporters.JUnitReportReporter -->
<testsuite skipped="0" hostname="ADMIN" name="testNgConcept.TC002_Testcasespriority" tests="3" failures="0" timestamp="21 Nov 2020 20:00:58 GMT" time="0.013" errors="0">
  <testcase name="login" time="0.009" classname="testNgConcept.TC002_Testcasespriority"/>
  <testcase name="bookingTickets" time="0.002" classname="testNgConcept.TC002_Testcasespriority"/>
  <testcase name="logOut" time="0.002" classname="testNgConcept.TC002_Testcasespriority"/>
</testsuite> <!-- testNgConcept.TC002_Testcasespriority -->
