<?xml version="1.0" encoding="UTF-8"?>
<!-- Generated by org.testng.reporters.JUnitReportReporter -->
<testsuite skipped="0" hostname="ADMIN" name="testNgConcept.TC004_Annotation" tests="2" failures="0" timestamp="21 Nov 2020 20:12:48 GMT" time="0.009" errors="0">
  <testcase name="bookTickets" time="0.004" classname="testNgConcept.TC004_Annotation"/>
  <testcase name="cancelTicket" time="0.005" classname="testNgConcept.TC004_Annotation"/>
</testsuite> <!-- testNgConcept.TC004_Annotation -->
