<?xml version="1.0" encoding="UTF-8"?>
<!-- Generated by org.testng.reporters.JUnitReportReporter -->
<testsuite skipped="0" hostname="ADMIN" name="testNgConcept.TC0013_PropertiesConcept" tests="1" failures="0" timestamp="30 Nov 2020 01:09:30 GMT" time="13.925" errors="0">
  <testcase name="setup" time="13.925" classname="testNgConcept.TC0013_PropertiesConcept"/>
</testsuite> <!-- testNgConcept.TC0013_PropertiesConcept -->
