<?xml version="1.0" encoding="UTF-8"?>
<!-- Generated by org.testng.reporters.JUnitReportReporter -->
<testsuite skipped="0" hostname="ADMIN" name="parallelexecution.TC005_LoginSurveyMonkeyApplication" tests="2" failures="0" timestamp="25 Nov 2020 16:35:56 GMT" time="17.551" errors="0">
  <testcase name="invokeAppln" time="11.992" classname="parallelexecution.TC005_LoginSurveyMonkeyApplication"/>
  <testcase name="loginIntoApplication" time="5.559" classname="parallelexecution.TC005_LoginSurveyMonkeyApplication"/>
</testsuite> <!-- parallelexecution.TC005_LoginSurveyMonkeyApplication -->
