<?xml version="1.0" encoding="UTF-8"?>
<!-- Generated by org.testng.reporters.JUnitReportReporter -->
<testsuite skipped="0" hostname="ADMIN" name="regressionSuite.TC001_DisplayMessage" tests="2" failures="0" timestamp="25 Nov 2020 15:30:33 GMT" time="0.013" errors="0">
  <testcase name="displayMessage" time="0.012" classname="regressionSuite.TC001_DisplayMessage"/>
  <testcase name="displayName" time="0.001" classname="regressionSuite.TC001_DisplayMessage"/>
</testsuite> <!-- regressionSuite.TC001_DisplayMessage -->
