<?xml version="1.0" encoding="UTF-8"?>
<!-- Generated by org.testng.reporters.JUnitReportReporter -->
<testsuite skipped="0" hostname="ADMIN" name="regressionSuite.TC0010_InvocationCount" tests="10" failures="0" timestamp="25 Nov 2020 15:30:33 GMT" time="0.012" errors="0">
  <testcase name="login" time="0.001" classname="regressionSuite.TC0010_InvocationCount"/>
  <testcase name="login" time="0.001" classname="regressionSuite.TC0010_InvocationCount"/>
  <testcase name="login" time="0.002" classname="regressionSuite.TC0010_InvocationCount"/>
  <testcase name="login" time="0.001" classname="regressionSuite.TC0010_InvocationCount"/>
  <testcase name="login" time="0.001" classname="regressionSuite.TC0010_InvocationCount"/>
  <testcase name="login" time="0.001" classname="regressionSuite.TC0010_InvocationCount"/>
  <testcase name="login" time="0.001" classname="regressionSuite.TC0010_InvocationCount"/>
  <testcase name="login" time="0.002" classname="regressionSuite.TC0010_InvocationCount"/>
  <testcase name="login" time="0.001" classname="regressionSuite.TC0010_InvocationCount"/>
  <testcase name="login" time="0.001" classname="regressionSuite.TC0010_InvocationCount"/>
</testsuite> <!-- regressionSuite.TC0010_InvocationCount -->
