<?xml version="1.0" encoding="UTF-8"?>
<!-- Generated by org.testng.reporters.JUnitReportReporter -->
<testsuite skipped="0" hostname="ADMIN" name="testNgConcept.FirstTestNgCode" tests="2" failures="0" timestamp="21 Nov 2020 19:56:20 GMT" time="0.010" errors="0">
  <testcase name="displayMessage" time="0.008" classname="testNgConcept.FirstTestNgCode"/>
  <testcase name="displayName" time="0.002" classname="testNgConcept.FirstTestNgCode"/>
</testsuite> <!-- testNgConcept.FirstTestNgCode -->
