<?xml version="1.0" encoding="UTF-8"?>
<!-- Generated by org.testng.reporters.JUnitReportReporter -->
<testsuite skipped="0" hostname="ADMIN" name="smokeSuite.TC005_LoginSurveyMonkeyApplication" tests="2" failures="0" timestamp="25 Nov 2020 15:30:33 GMT" time="35.262" errors="0">
  <testcase name="invokeAppln" time="22.437" classname="smokeSuite.TC005_LoginSurveyMonkeyApplication"/>
  <testcase name="loginIntoApplication" time="12.825" classname="smokeSuite.TC005_LoginSurveyMonkeyApplication"/>
</testsuite> <!-- smokeSuite.TC005_LoginSurveyMonkeyApplication -->
