<?xml version="1.0" encoding="UTF-8"?>
<!-- Generated by org.testng.reporters.JUnitReportReporter -->
<testsuite skipped="0" hostname="ADMIN" name="parallelexecution.TC002_Testcasespriority" tests="3" failures="0" timestamp="25 Nov 2020 16:35:56 GMT" time="0.018" errors="0">
  <testcase name="login" time="0.013" classname="parallelexecution.TC002_Testcasespriority"/>
  <testcase name="bookingTickets" time="0.001" classname="parallelexecution.TC002_Testcasespriority"/>
  <testcase name="logOut" time="0.004" classname="parallelexecution.TC002_Testcasespriority"/>
</testsuite> <!-- parallelexecution.TC002_Testcasespriority -->
