<?xml version="1.0" encoding="UTF-8"?>
<!-- Generated by org.testng.reporters.JUnitReportReporter -->
<testsuite skipped="0" hostname="ADMIN" name="testNgConcept.TC009_ExceptionConcept" tests="1" failures="0" timestamp="23 Nov 2020 20:37:08 GMT" time="0.008" errors="0">
  <testcase name="arithmaticException1" time="0.008" classname="testNgConcept.TC009_ExceptionConcept"/>
</testsuite> <!-- testNgConcept.TC009_ExceptionConcept -->
